[00:06:12.213] [INFO ] [AppMain] - ==========================================
[00:06:12.221] [INFO ] [AppMain] - Starting Saint Petersburg Metro application
[00:06:12.241] [INFO ] [AppMain] - Java version: 21.0.9
[00:06:12.242] [INFO ] [AppMain] - Working directory: C:\Idea\kursovaya
[00:06:12.242] [INFO ] [AppMain] - Command line arguments: []
[00:06:12.268] [INFO ] [AppMain] - Starting Saint Petersburg Metro application
[00:06:12.269] [DEBUG] [AppMain] - Loading metro map from map.json
[00:06:12.270] [INFO ] [MapLoader] - Loading metro map from file: map.json
[00:06:12.271] [DEBUG] [MapLoader] - File found, starting JSON parsing
[00:06:12.443] [INFO ] [MapLoader] - Creating MetroMap with 73 stations
[00:06:12.445] [DEBUG] [Graph] - Creating graph with 73 vertices
[00:06:12.446] [DEBUG] [MapLoader] - Loaded 5 metro lines
[00:06:12.447] [DEBUG] [MapLoader] - Loaded 73 stations
[00:06:12.448] [DEBUG] [MapLoader] - Loaded 77 connections
[00:06:12.448] [INFO ] [MapLoader] - Metro map successfully loaded: 5 lines, 73 stations, 77 connections
[00:06:12.448] [INFO ] [AppMain] - Metro map loaded successfully. Stations: 73
[00:06:12.645] [DEBUG] [AppMain] - Created list of 73 stations using Stream API
[00:06:13.359] [INFO ] [AppMain] - GUI initialized successfully
[00:06:17.855] [INFO ] [AppMain] - Application closing
[00:06:17.983] [INFO ] [AppMain] - Application finished successfully
[00:06:25.682] [INFO ] [AppMain] - ==========================================
[00:06:25.685] [INFO ] [AppMain] - Starting Saint Petersburg Metro application
[00:06:25.704] [INFO ] [AppMain] - Java version: 21.0.9
[00:06:25.704] [INFO ] [AppMain] - Working directory: C:\Idea\kursovaya
[00:06:25.705] [INFO ] [AppMain] - Command line arguments: []
[00:06:25.725] [INFO ] [AppMain] - Starting Saint Petersburg Metro application
[00:06:25.726] [DEBUG] [AppMain] - Loading metro map from map.json
[00:06:25.727] [INFO ] [MapLoader] - Loading metro map from file: map.json
[00:06:25.727] [DEBUG] [MapLoader] - File found, starting JSON parsing
[00:06:25.891] [INFO ] [MapLoader] - Creating MetroMap with 73 stations
[00:06:25.893] [DEBUG] [Graph] - Creating graph with 73 vertices
[00:06:25.894] [DEBUG] [MapLoader] - Loaded 5 metro lines
[00:06:25.894] [DEBUG] [MapLoader] - Loaded 73 stations
[00:06:25.895] [DEBUG] [MapLoader] - Loaded 77 connections
[00:06:25.896] [INFO ] [MapLoader] - Metro map successfully loaded: 5 lines, 73 stations, 77 connections
[00:06:25.896] [INFO ] [AppMain] - Metro map loaded successfully. Stations: 73
[00:06:26.060] [DEBUG] [AppMain] - Created list of 73 stations using Stream API
[00:06:26.714] [INFO ] [AppMain] - GUI initialized successfully
[00:06:30.209] [INFO ] [AppMain] - Application closing
[00:06:30.264] [INFO ] [AppMain] - Application finished successfully
[00:06:46.615] [INFO ] [AppMain] - ==========================================
[00:06:46.617] [INFO ] [AppMain] - Starting Saint Petersburg Metro application
[00:06:46.631] [INFO ] [AppMain] - Java version: 21.0.9
[00:06:46.632] [INFO ] [AppMain] - Working directory: C:\Idea\kursovaya
[00:06:46.632] [INFO ] [AppMain] - Command line arguments: []
[00:06:46.650] [INFO ] [AppMain] - Starting Saint Petersburg Metro application
[00:06:46.650] [DEBUG] [AppMain] - Loading metro map from map.json
[00:06:46.651] [INFO ] [MapLoader] - Loading metro map from file: map.json
[00:06:46.652] [DEBUG] [MapLoader] - File found, starting JSON parsing
[00:06:46.804] [INFO ] [MapLoader] - Creating MetroMap with 73 stations
[00:06:46.807] [DEBUG] [Graph] - Creating graph with 73 vertices
[00:06:46.808] [DEBUG] [MapLoader] - Loaded 5 metro lines
[00:06:46.808] [DEBUG] [MapLoader] - Loaded 73 stations
[00:06:46.809] [DEBUG] [MapLoader] - Loaded 77 connections
[00:06:46.809] [INFO ] [MapLoader] - Metro map successfully loaded: 5 lines, 73 stations, 77 connections
[00:06:46.809] [INFO ] [AppMain] - Metro map loaded successfully. Stations: 73
[00:06:47.003] [DEBUG] [AppMain] - Created list of 73 stations using Stream API
[00:06:47.657] [INFO ] [AppMain] - GUI initialized successfully
[00:06:49.483] [INFO ] [AppMain] - Application closing
[00:06:49.555] [INFO ] [AppMain] - Application finished successfully
[00:06:59.788] [INFO ] [AppMain] - ==========================================
[00:06:59.792] [INFO ] [AppMain] - Starting Saint Petersburg Metro application
[00:06:59.824] [INFO ] [AppMain] - Java version: 21.0.9
[00:06:59.824] [INFO ] [AppMain] - Working directory: C:\Idea\kursovaya
[00:06:59.824] [INFO ] [AppMain] - Command line arguments: []
[00:06:59.848] [INFO ] [AppMain] - Starting Saint Petersburg Metro application
[00:06:59.848] [DEBUG] [AppMain] - Loading metro map from map.json
[00:06:59.849] [INFO ] [MapLoader] - Loading metro map from file: map.json
[00:06:59.850] [DEBUG] [MapLoader] - File found, starting JSON parsing
[00:07:00.009] [INFO ] [MapLoader] - Creating MetroMap with 73 stations
[00:07:00.012] [DEBUG] [Graph] - Creating graph with 73 vertices
[00:07:00.013] [DEBUG] [MapLoader] - Loaded 5 metro lines
[00:07:00.014] [DEBUG] [MapLoader] - Loaded 73 stations
[00:07:00.015] [DEBUG] [MapLoader] - Loaded 77 connections
[00:07:00.015] [INFO ] [MapLoader] - Metro map successfully loaded: 5 lines, 73 stations, 77 connections
[00:07:00.015] [INFO ] [AppMain] - Metro map loaded successfully. Stations: 73
[00:07:00.172] [DEBUG] [AppMain] - Created list of 73 stations using Stream API
[00:07:00.821] [INFO ] [AppMain] - GUI initialized successfully
[00:07:05.606] [INFO ] [AppMain] - Application closing
[00:07:05.765] [INFO ] [AppMain] - Application finished successfully
